<?xml version="1.0" encoding="UTF-8" ?>
<testsuites>
 <testsuite name="angularjs homepage" timestamp="2016-11-11T13:31:41" hostname="localhost" time="6.682" errors="0" tests="1" skipped="0" disabled="0" failures="0">
  <testcase classname="angularjs homepage" name="should greet the named user" time="4.566" />
 </testsuite>
 <testsuite name="angularjs homepage.todo list" timestamp="2016-11-11T13:31:46" hostname="localhost" time="2.115" errors="0" tests="2" skipped="0" disabled="0" failures="0">
  <testcase classname="angularjs homepage.todo list" name="should list todos" time="1.074" />
  <testcase classname="angularjs homepage.todo list" name="should add a todo" time="1.041" />
 </testsuite>
</testsuites>